# JRE version: Java(TM) SE Runtime Environment (8.0_191-b12) (build 1.8.0_191-b12)
# Java VM: Java HotSpot(TM) 64-Bit Server VM (25.191-b12 mixed mode windows-amd64 compressed oops)
Heap:
 PSYoungGen      total 304640K, used 232909K [0x00000000e0000000, 0x00000000f4c00000, 0x0000000100000000)
  eden space 280576K, 74% used [0x00000000e0000000,0x00000000ecbf8650,0x00000000f1200000)
  from space 24064K, 99% used [0x00000000f1700000,0x00000000f2e7b080,0x00000000f2e80000)
  to   space 29696K, 0% used [0x00000000f2f00000,0x00000000f2f00000,0x00000000f4c00000)
 ParOldGen       total 308224K, used 42638K [0x00000000a0000000, 0x00000000b2d00000, 0x00000000e0000000)
  object space 308224K, 13% used [0x00000000a0000000,0x00000000a29a38c8,0x00000000b2d00000)
 Metaspace       used 78118K, capacity 82212K, committed 82392K, reserved 1120256K
  class space    used 10697K, capacity 11465K, committed 11480K, reserved 1048576K
GC Heap History (10 events):
Event: 4.662 GC heap before
{Heap before GC invocations=8 (full 2):
 PSYoungGen      total 174080K, used 160768K [0x00000000e0000000, 0x00000000ee580000, 0x0000000100000000)
  eden space 160768K, 100% used [0x00000000e0000000,0x00000000e9d00000,0x00000000e9d00000)
  from space 13312K, 0% used [0x00000000e9d00000,0x00000000e9d00000,0x00000000eaa00000)
  to   space 14336K, 0% used [0x00000000ed780000,0x00000000ed780000,0x00000000ee580000)
 ParOldGen       total 206336K, used 20064K [0x00000000a0000000, 0x00000000ac980000, 0x00000000e0000000)
  object space 206336K, 9% used [0x00000000a0000000,0x00000000a13982d8,0x00000000ac980000)
 Metaspace       used 48745K, capacity 50284K, committed 50648K, reserved 1093632K
  class space    used 6666K, capacity 7033K, committed 7128K, reserved 1048576K
Event: 4.675 GC heap after
Heap after GC invocations=8 (full 2):
 PSYoungGen      total 216064K, used 14333K [0x00000000e0000000, 0x00000000f0300000, 0x0000000100000000)
  eden space 201728K, 0% used [0x00000000e0000000,0x00000000e0000000,0x00000000ec500000)
  from space 14336K, 99% used [0x00000000ed780000,0x00000000ee57f420,0x00000000ee580000)
  to   space 18944K, 0% used [0x00000000ec500000,0x00000000ec500000,0x00000000ed780000)
 ParOldGen       total 206336K, used 25525K [0x00000000a0000000, 0x00000000ac980000, 0x00000000e0000000)
  object space 206336K, 12% used [0x00000000a0000000,0x00000000a18ed410,0x00000000ac980000)
 Metaspace       used 48745K, capacity 50284K, committed 50648K, reserved 1093632K
  class space    used 6666K, capacity 7033K, committed 7128K, reserved 1048576K
}
Event: 5.396 GC heap before
{Heap before GC invocations=9 (full 2):
 PSYoungGen      total 216064K, used 123400K [0x00000000e0000000, 0x00000000f0300000, 0x0000000100000000)
  eden space 201728K, 54% used [0x00000000e0000000,0x00000000e6a82c98,0x00000000ec500000)
  from space 14336K, 99% used [0x00000000ed780000,0x00000000ee57f420,0x00000000ee580000)
  to   space 18944K, 0% used [0x00000000ec500000,0x00000000ec500000,0x00000000ed780000)
 ParOldGen       total 206336K, used 25525K [0x00000000a0000000, 0x00000000ac980000, 0x00000000e0000000)
  object space 206336K, 12% used [0x00000000a0000000,0x00000000a18ed410,0x00000000ac980000)
 Metaspace       used 56840K, capacity 58826K, committed 58968K, reserved 1099776K
  class space    used 7984K, capacity 8428K, committed 8536K, reserved 1048576K
Event: 5.410 GC heap after
Heap after GC invocations=9 (full 2):
 PSYoungGen      total 220672K, used 18914K [0x00000000e0000000, 0x00000000f4900000, 0x0000000100000000)
  eden space 201728K, 0% used [0x00000000e0000000,0x00000000e0000000,0x00000000ec500000)
  from space 18944K, 99% used [0x00000000ec500000,0x00000000ed778bd0,0x00000000ed780000)
  to   space 22528K, 0% used [0x00000000f3300000,0x00000000f3300000,0x00000000f4900000)
 ParOldGen       total 206336K, used 27880K [0x00000000a0000000, 0x00000000ac980000, 0x00000000e0000000)
  object space 206336K, 13% used [0x00000000a0000000,0x00000000a1b3a148,0x00000000ac980000)
 Metaspace       used 56840K, capacity 58826K, committed 58968K, reserved 1099776K
  class space    used 7984K, capacity 8428K, committed 8536K, reserved 1048576K
}
Event: 5.410 GC heap before
{Heap before GC invocations=10 (full 3):
 PSYoungGen      total 220672K, used 18914K [0x00000000e0000000, 0x00000000f4900000, 0x0000000100000000)
  eden space 201728K, 0% used [0x00000000e0000000,0x00000000e0000000,0x00000000ec500000)
  from space 18944K, 99% used [0x00000000ec500000,0x00000000ed778bd0,0x00000000ed780000)
  to   space 22528K, 0% used [0x00000000f3300000,0x00000000f3300000,0x00000000f4900000)
 ParOldGen       total 206336K, used 27880K [0x00000000a0000000, 0x00000000ac980000, 0x00000000e0000000)
  object space 206336K, 13% used [0x00000000a0000000,0x00000000a1b3a148,0x00000000ac980000)
 Metaspace       used 56840K, capacity 58826K, committed 58968K, reserved 1099776K
  class space    used 7984K, capacity 8428K, committed 8536K, reserved 1048576K
Event: 5.579 GC heap after
Heap after GC invocations=10 (full 3):
 PSYoungGen      total 220672K, used 0K [0x00000000e0000000, 0x00000000f4900000, 0x0000000100000000)
  eden space 201728K, 0% used [0x00000000e0000000,0x00000000e0000000,0x00000000ec500000)
  from space 18944K, 0% used [0x00000000ec500000,0x00000000ec500000,0x00000000ed780000)
  to   space 22528K, 0% used [0x00000000f3300000,0x00000000f3300000,0x00000000f4900000)
 ParOldGen       total 308224K, used 35480K [0x00000000a0000000, 0x00000000b2d00000, 0x00000000e0000000)
  object space 308224K, 11% used [0x00000000a0000000,0x00000000a22a6198,0x00000000b2d00000)
 Metaspace       used 56783K, capacity 58634K, committed 58968K, reserved 1099776K
  class space    used 7966K, capacity 8396K, committed 8536K, reserved 1048576K
}
Event: 6.699 GC heap before
{Heap before GC invocations=11 (full 3):
 PSYoungGen      total 220672K, used 201728K [0x00000000e0000000, 0x00000000f4900000, 0x0000000100000000)
  eden space 201728K, 100% used [0x00000000e0000000,0x00000000ec500000,0x00000000ec500000)
  from space 18944K, 0% used [0x00000000ec500000,0x00000000ec500000,0x00000000ed780000)
  to   space 22528K, 0% used [0x00000000f3300000,0x00000000f3300000,0x00000000f4900000)
 ParOldGen       total 308224K, used 35480K [0x00000000a0000000, 0x00000000b2d00000, 0x00000000e0000000)
  object space 308224K, 11% used [0x00000000a0000000,0x00000000a22a6198,0x00000000b2d00000)
 Metaspace       used 64998K, capacity 68252K, committed 68568K, reserved 1107968K
  class space    used 9206K, capacity 9863K, committed 9944K, reserved 1048576K
Event: 6.711 GC heap after
Heap after GC invocations=11 (full 3):
 PSYoungGen      total 270336K, used 19450K [0x00000000e0000000, 0x00000000f4600000, 0x0000000100000000)
  eden space 250880K, 0% used [0x00000000e0000000,0x00000000e0000000,0x00000000ef500000)
  from space 19456K, 99% used [0x00000000f3300000,0x00000000f45fea88,0x00000000f4600000)
  to   space 24064K, 0% used [0x00000000f1700000,0x00000000f1700000,0x00000000f2e80000)
 ParOldGen       total 308224K, used 35488K [0x00000000a0000000, 0x00000000b2d00000, 0x00000000e0000000)
  object space 308224K, 11% used [0x00000000a0000000,0x00000000a22a8198,0x00000000b2d00000)
 Metaspace       used 64998K, capacity 68252K, committed 68568K, reserved 1107968K
  class space    used 9206K, capacity 9863K, committed 9944K, reserved 1048576K
}
Event: 160.307 GC heap before
{Heap before GC invocations=12 (full 3):
 PSYoungGen      total 270336K, used 270330K [0x00000000e0000000, 0x00000000f4600000, 0x0000000100000000)
  eden space 250880K, 100% used [0x00000000e0000000,0x00000000ef500000,0x00000000ef500000)
  from space 19456K, 99% used [0x00000000f3300000,0x00000000f45fea88,0x00000000f4600000)
  to   space 24064K, 0% used [0x00000000f1700000,0x00000000f1700000,0x00000000f2e80000)
 ParOldGen       total 308224K, used 35488K [0x00000000a0000000, 0x00000000b2d00000, 0x00000000e0000000)
  object space 308224K, 11% used [0x00000000a0000000,0x00000000a22a8198,0x00000000b2d00000)
 Metaspace       used 73879K, capacity 77638K, committed 77784K, reserved 1116160K
  class space    used 10188K, capacity 10886K, committed 10968K, reserved 1048576K
Event: 160.328 GC heap after
Heap after GC invocations=12 (full 3):
 PSYoungGen      total 304640K, used 24044K [0x00000000e0000000, 0x00000000f4c00000, 0x0000000100000000)
  eden space 280576K, 0% used [0x00000000e0000000,0x00000000e0000000,0x00000000f1200000)
  from space 24064K, 99% used [0x00000000f1700000,0x00000000f2e7b080,0x00000000f2e80000)
  to   space 29696K, 0% used [0x00000000f2f00000,0x00000000f2f00000,0x00000000f4c00000)
 ParOldGen       total 308224K, used 42638K [0x00000000a0000000, 0x00000000b2d00000, 0x00000000e0000000)
  object space 308224K, 13% used [0x00000000a0000000,0x00000000a29a38c8,0x00000000b2d00000)
 Metaspace       used 73879K, capacity 77638K, committed 77784K, reserved 1116160K
  class space    used 10188K, capacity 10886K, committed 10968K, reserved 1048576K
}

