# JRE version: Java(TM) SE Runtime Environment (8.0_191-b12) (build 1.8.0_191-b12)
# Java VM: Java HotSpot(TM) 64-Bit Server VM (25.191-b12 mixed mode windows-amd64 compressed oops)
Heap:
 PSYoungGen      total 95232K, used 19842K [0x0000000756200000, 0x000000075e480000, 0x00000007c0000000)
  eden space 81920K, 24% used [0x0000000756200000,0x0000000757560a88,0x000000075b200000)
  from space 13312K, 0% used [0x000000075bf00000,0x000000075bf00000,0x000000075cc00000)
  to   space 13312K, 0% used [0x000000075b200000,0x000000075b200000,0x000000075bf00000)
 ParOldGen       total 151552K, used 13195K [0x0000000682600000, 0x000000068ba00000, 0x0000000756200000)
  object space 151552K, 8% used [0x0000000682600000,0x00000006832e2fc0,0x000000068ba00000)
 Metaspace       used 22034K, capacity 22492K, committed 22832K, reserved 1069056K
  class space    used 2702K, capacity 2859K, committed 2944K, reserved 1048576K
GC Heap History (8 events):
Event: 0.592 GC heap before
{Heap before GC invocations=1 (full 0):
 PSYoungGen      total 95232K, used 44362K [0x0000000756200000, 0x000000075cc00000, 0x00000007c0000000)
  eden space 81920K, 54% used [0x0000000756200000,0x0000000758d52990,0x000000075b200000)
  from space 13312K, 0% used [0x000000075bf00000,0x000000075bf00000,0x000000075cc00000)
  to   space 13312K, 0% used [0x000000075b200000,0x000000075b200000,0x000000075bf00000)
 ParOldGen       total 217088K, used 0K [0x0000000682600000, 0x000000068fa00000, 0x0000000756200000)
  object space 217088K, 0% used [0x0000000682600000,0x0000000682600000,0x000000068fa00000)
 Metaspace       used 11144K, capacity 11324K, committed 11392K, reserved 1062912K
  class space    used 1273K, capacity 1356K, committed 1408K, reserved 1048576K
Event: 0.598 GC heap after
Heap after GC invocations=1 (full 0):
 PSYoungGen      total 95232K, used 10844K [0x0000000756200000, 0x000000075cc00000, 0x00000007c0000000)
  eden space 81920K, 0% used [0x0000000756200000,0x0000000756200000,0x000000075b200000)
  from space 13312K, 81% used [0x000000075b200000,0x000000075bc97340,0x000000075bf00000)
  to   space 13312K, 0% used [0x000000075bf00000,0x000000075bf00000,0x000000075cc00000)
 ParOldGen       total 217088K, used 16K [0x0000000682600000, 0x000000068fa00000, 0x0000000756200000)
  object space 217088K, 0% used [0x0000000682600000,0x0000000682604000,0x000000068fa00000)
 Metaspace       used 11144K, capacity 11324K, committed 11392K, reserved 1062912K
  class space    used 1273K, capacity 1356K, committed 1408K, reserved 1048576K
}
Event: 0.598 GC heap before
{Heap before GC invocations=2 (full 1):
 PSYoungGen      total 95232K, used 10844K [0x0000000756200000, 0x000000075cc00000, 0x00000007c0000000)
  eden space 81920K, 0% used [0x0000000756200000,0x0000000756200000,0x000000075b200000)
  from space 13312K, 81% used [0x000000075b200000,0x000000075bc97340,0x000000075bf00000)
  to   space 13312K, 0% used [0x000000075bf00000,0x000000075bf00000,0x000000075cc00000)
 ParOldGen       total 217088K, used 16K [0x0000000682600000, 0x000000068fa00000, 0x0000000756200000)
  object space 217088K, 0% used [0x0000000682600000,0x0000000682604000,0x000000068fa00000)
 Metaspace       used 11144K, capacity 11324K, committed 11392K, reserved 1062912K
  class space    used 1273K, capacity 1356K, committed 1408K, reserved 1048576K
Event: 0.615 GC heap after
Heap after GC invocations=2 (full 1):
 PSYoungGen      total 95232K, used 0K [0x0000000756200000, 0x000000075cc00000, 0x00000007c0000000)
  eden space 81920K, 0% used [0x0000000756200000,0x0000000756200000,0x000000075b200000)
  from space 13312K, 0% used [0x000000075b200000,0x000000075b200000,0x000000075bf00000)
  to   space 13312K, 0% used [0x000000075bf00000,0x000000075bf00000,0x000000075cc00000)
 ParOldGen       total 151552K, used 10235K [0x0000000682600000, 0x000000068ba00000, 0x0000000756200000)
  object space 151552K, 6% used [0x0000000682600000,0x0000000682ffecd0,0x000000068ba00000)
 Metaspace       used 11144K, capacity 11324K, committed 11392K, reserved 1060864K
  class space    used 1273K, capacity 1356K, committed 1408K, reserved 1048576K
}
Event: 1.020 GC heap before
{Heap before GC invocations=3 (full 1):
 PSYoungGen      total 95232K, used 40250K [0x0000000756200000, 0x000000075cc00000, 0x00000007c0000000)
  eden space 81920K, 49% used [0x0000000756200000,0x000000075894ea50,0x000000075b200000)
  from space 13312K, 0% used [0x000000075b200000,0x000000075b200000,0x000000075bf00000)
  to   space 13312K, 0% used [0x000000075bf00000,0x000000075bf00000,0x000000075cc00000)
 ParOldGen       total 151552K, used 10235K [0x0000000682600000, 0x000000068ba00000, 0x0000000756200000)
  object space 151552K, 6% used [0x0000000682600000,0x0000000682ffecd0,0x000000068ba00000)
 Metaspace       used 20806K, capacity 21196K, committed 21296K, reserved 1069056K
  class space    used 2526K, capacity 2687K, committed 2688K, reserved 1048576K
Event: 1.025 GC heap after
Heap after GC invocations=3 (full 1):
 PSYoungGen      total 95232K, used 9598K [0x0000000756200000, 0x000000075e480000, 0x00000007c0000000)
  eden space 81920K, 0% used [0x0000000756200000,0x0000000756200000,0x000000075b200000)
  from space 13312K, 72% used [0x000000075bf00000,0x000000075c85fa80,0x000000075cc00000)
  to   space 13312K, 0% used [0x000000075b200000,0x000000075b200000,0x000000075bf00000)
 ParOldGen       total 151552K, used 10307K [0x0000000682600000, 0x000000068ba00000, 0x0000000756200000)
  object space 151552K, 6% used [0x0000000682600000,0x0000000683010ce0,0x000000068ba00000)
 Metaspace       used 20806K, capacity 21196K, committed 21296K, reserved 1069056K
  class space    used 2526K, capacity 2687K, committed 2688K, reserved 1048576K
}
Event: 1.025 GC heap before
{Heap before GC invocations=4 (full 2):
 PSYoungGen      total 95232K, used 9598K [0x0000000756200000, 0x000000075e480000, 0x00000007c0000000)
  eden space 81920K, 0% used [0x0000000756200000,0x0000000756200000,0x000000075b200000)
  from space 13312K, 72% used [0x000000075bf00000,0x000000075c85fa80,0x000000075cc00000)
  to   space 13312K, 0% used [0x000000075b200000,0x000000075b200000,0x000000075bf00000)
 ParOldGen       total 151552K, used 10307K [0x0000000682600000, 0x000000068ba00000, 0x0000000756200000)
  object space 151552K, 6% used [0x0000000682600000,0x0000000683010ce0,0x000000068ba00000)
 Metaspace       used 20806K, capacity 21196K, committed 21296K, reserved 1069056K
  class space    used 2526K, capacity 2687K, committed 2688K, reserved 1048576K
Event: 1.039 GC heap after
Heap after GC invocations=4 (full 2):
 PSYoungGen      total 95232K, used 0K [0x0000000756200000, 0x000000075e480000, 0x00000007c0000000)
  eden space 81920K, 0% used [0x0000000756200000,0x0000000756200000,0x000000075b200000)
  from space 13312K, 0% used [0x000000075bf00000,0x000000075bf00000,0x000000075cc00000)
  to   space 13312K, 0% used [0x000000075b200000,0x000000075b200000,0x000000075bf00000)
 ParOldGen       total 151552K, used 13195K [0x0000000682600000, 0x000000068ba00000, 0x0000000756200000)
  object space 151552K, 8% used [0x0000000682600000,0x00000006832e2fc0,0x000000068ba00000)
 Metaspace       used 20806K, capacity 21196K, committed 21296K, reserved 1069056K
  class space    used 2526K, capacity 2687K, committed 2688K, reserved 1048576K
}

